<?xml version="1.0" encoding="UTF-8"?>
<!-- Generated by org.testng.reporters.JUnitReportReporter -->
<testsuite hostname="JIBON-A-KICHU-KOR" failures="0" tests="1" name="tutorialsninja.register.TC_RF_007" time="11.859" errors="0" timestamp="2025-08-11T02:54:23 IST" skipped="0">
  <testcase classname="tutorialsninja.register.TC_RF_007" name="verifyNavigatingToRegisterAccountUsingMultipleWay" time="11.859"/>
</testsuite> <!-- tutorialsninja.register.TC_RF_007 -->
