<?xml version="1.0" encoding="UTF-8"?>
<!-- Generated by org.testng.reporters.JUnitReportReporter -->
<testsuite hostname="JIBON-A-KICHU-KOR" failures="0" tests="1" name="tutorialsninja.register.TC_RF_006" time="7.092" errors="0" timestamp="2025-07-06T18:46:07 IST" skipped="0">
  <testcase classname="tutorialsninja.register.TC_RF_006" name="verifyRegisteringAccountBySayingNoToNewsletter" time="7.092"/>
</testsuite> <!-- tutorialsninja.register.TC_RF_006 -->
